New log file opened at Sun Apr 19 18:05:12 COT 2015 by 45455@Manre-Macbook-Pro.local
Taking next connection to: 59718
New client attempting to connect on port: 59719-59718
  Address = /192.168.8.161:59718
This client on port 59719 has uuid 781d6837-ae33-4344-9598-58efff91d69d configName activator humanReadableName Activator protocolVersion 1 featureTags Vector()
Connected Clients: activator-781d6837-ae33-4344-9598-58efff91d69d
Taking next connection to: 59718
New client attempting to connect on port: 59729-59718
  Address = /192.168.8.161:59718
Handshake exception on socket: 59729
sbt.impl.ipc.HandshakeException: Unable to perform handshake
	at sbt.impl.ipc.Peer.handshake(IPC.scala:46)
	at sbt.impl.ipc.MultiClientServer.<init>(IPC.scala:150)
	at sbt.server.SbtServerSocketHandler$$anon$1.run(SbtServerSocketHandler.scala:43)
Caused by: java.io.EOFException
	at java.io.DataInputStream.readInt(DataInputStream.java:375)
	at sbt.impl.ipc.Peer.receive(IPC.scala:95)
	at sbt.impl.ipc.Peer.handshake(IPC.scala:49)
	... 2 more
Taking next connection to: 59718
New client attempting to connect on port: 59730-59718
  Address = /192.168.8.161:59718
This client on port 59730 has uuid b12901c4-6c3b-4247-8bae-119d915e4147 configName activator humanReadableName Activator protocolVersion 1 featureTags Vector()
Connected Clients: activator-781d6837-ae33-4344-9598-58efff91d69d, activator-b12901c4-6c3b-4247-8bae-119d915e4147
Taking next connection to: 59718
